0 info it worked if it ends with ok
1 verbose cli [ '/Users/gteles/.nvm/versions/node/v6.12.0/bin/node',
1 verbose cli   '/Users/gteles/.nvm/versions/node/v6.12.0/bin/npm',
1 verbose cli   'run',
1 verbose cli   'builded' ]
2 info using npm@3.10.10
3 info using node@v6.12.0
4 verbose run-script [ 'prebuilded', 'builded', 'postbuilded' ]
5 info lifecycle typescript-course@1.0.0~prebuilded: typescript-course@1.0.0
6 silly lifecycle typescript-course@1.0.0~prebuilded: no script for prebuilded, continuing
7 info lifecycle typescript-course@1.0.0~builded: typescript-course@1.0.0
8 verbose lifecycle typescript-course@1.0.0~builded: unsafe-perm in lifecycle true
9 verbose lifecycle typescript-course@1.0.0~builded: PATH: /Users/gteles/.nvm/versions/node/v6.12.0/lib/node_modules/npm/bin/node-gyp-bin:/Users/gteles/estudo/typescript-course/node_modules/.bin:/Users/gteles/.nvm/versions/node/v6.12.0/bin:/usr/local/bin:“/usr/local/bin:/usr/bin:/bin:/usr/sbin:/sbin:/“Users/gteles/Library/Android/sdk”/platform-tools:/“Users/gteles/Library/Android/sdk”/tools:/“Users/gteles/Library/Android/sdk”/tools/bin”
10 verbose lifecycle typescript-course@1.0.0~builded: CWD: /Users/gteles/estudo/typescript-course
11 silly lifecycle typescript-course@1.0.0~builded: Args: [ '-c', 'NODE_ENV=development node ./build/server/server.js' ]
12 silly lifecycle typescript-course@1.0.0~builded: Returned: code: 1  signal: null
13 info lifecycle typescript-course@1.0.0~builded: Failed to exec builded script
14 verbose stack Error: typescript-course@1.0.0 builded: `NODE_ENV=development node ./build/server/server.js`
14 verbose stack Exit status 1
14 verbose stack     at EventEmitter.<anonymous> (/Users/gteles/.nvm/versions/node/v6.12.0/lib/node_modules/npm/lib/utils/lifecycle.js:255:16)
14 verbose stack     at emitTwo (events.js:106:13)
14 verbose stack     at EventEmitter.emit (events.js:191:7)
14 verbose stack     at ChildProcess.<anonymous> (/Users/gteles/.nvm/versions/node/v6.12.0/lib/node_modules/npm/lib/utils/spawn.js:40:14)
14 verbose stack     at emitTwo (events.js:106:13)
14 verbose stack     at ChildProcess.emit (events.js:191:7)
14 verbose stack     at maybeClose (internal/child_process.js:920:16)
14 verbose stack     at Process.ChildProcess._handle.onexit (internal/child_process.js:230:5)
15 verbose pkgid typescript-course@1.0.0
16 verbose cwd /Users/gteles/estudo/typescript-course
17 error Darwin 16.7.0
18 error argv "/Users/gteles/.nvm/versions/node/v6.12.0/bin/node" "/Users/gteles/.nvm/versions/node/v6.12.0/bin/npm" "run" "builded"
19 error node v6.12.0
20 error npm  v3.10.10
21 error code ELIFECYCLE
22 error typescript-course@1.0.0 builded: `NODE_ENV=development node ./build/server/server.js`
22 error Exit status 1
23 error Failed at the typescript-course@1.0.0 builded script 'NODE_ENV=development node ./build/server/server.js'.
23 error Make sure you have the latest version of node.js and npm installed.
23 error If you do, this is most likely a problem with the typescript-course package,
23 error not with npm itself.
23 error Tell the author that this fails on your system:
23 error     NODE_ENV=development node ./build/server/server.js
23 error You can get information on how to open an issue for this project with:
23 error     npm bugs typescript-course
23 error Or if that isn't available, you can get their info via:
23 error     npm owner ls typescript-course
23 error There is likely additional logging output above.
24 verbose exit [ 1, true ]
